Added Component: Designator=C10(C0402_L)
Add component (AddParameter): Name = "BOMУћГЦ"; Value = "ЮоМЋадЬљЦЌЕчШн"; VariantName = "[No Variations]"
Add component (AddParameter): Name = "бЇЯАзЪдД"; Value = "www.ooocke.com"; VariantName = "[No Variations]"
Add component (AddParameter): Name = "ВФжЪ"; Value = "X7R"; VariantName = "[No Variations]"
Add component (AddParameter): Name = "АцШЈЙщЪє"; Value = "дДДДПЭ"; VariantName = "[No Variations]"
Added Component: Designator=L1(L 0805_L)
Add component (AddParameter): Name = "BOMУћГЦ"; Value = "аЁЙІТЪЬљЦЌЕчИа"; VariantName = "[No Variations]"
Add component (AddParameter): Name = "бЇЯАзЪдД"; Value = "www.ooocke.com"; VariantName = "[No Variations]"
Add component (AddParameter): Name = "АцШЈЙщЪє"; Value = "дДДДПЭ"; VariantName = "[No Variations]"
Added Component: Designator=R12(R 0402_L)
Add component (AddParameter): Name = "BOMУћГЦ"; Value = "ЬљЦЌЕчзш"; VariantName = "[No Variations]"
Add component (AddParameter): Name = "бЇЯАзЪдД"; Value = "www.ooocke.com"; VariantName = "[No Variations]"
Add component (AddParameter): Name = "АцШЈЙщЪє"; Value = "дДДДПЭ"; VariantName = "[No Variations]"
Added Component: Designator=R13(R 0402_L)
Add component (AddParameter): Name = "BOMУћГЦ"; Value = "ЬљЦЌЕчзш"; VariantName = "[No Variations]"
Add component (AddParameter): Name = "бЇЯАзЪдД"; Value = "www.ooocke.com"; VariantName = "[No Variations]"
Add component (AddParameter): Name = "АцШЈЙщЪє"; Value = "дДДДПЭ"; VariantName = "[No Variations]"
Added Component: Designator=R14(R 0402_L)
Add component (AddParameter): Name = "BOMУћГЦ"; Value = "ЬљЦЌЕчзш"; VariantName = "[No Variations]"
Add component (AddParameter): Name = "бЇЯАзЪдД"; Value = "www.ooocke.com"; VariantName = "[No Variations]"
Add component (AddParameter): Name = "АцШЈЙщЪє"; Value = "дДДДПЭ"; VariantName = "[No Variations]"
Added Component: Designator=U6(VQFN-HR-12_L2.0-W2.0-P0.50-BL)
Add component (AddParameter): Name = "AddInBom"; Value = "yes"; VariantName = "[No Variations]"
Add component (AddParameter): Name = "Channel ID"; Value = ""; VariantName = "[No Variations]"
Add component (AddParameter): Name = "ConvertToPcb"; Value = "yes"; VariantName = "[No Variations]"
Add component (AddParameter): Name = "Datasheet"; Value = "https://www.ti.com/cn/lit/gpn/tlv62585"; VariantName = "[No Variations]"
Add component (AddParameter): Name = "Device"; Value = "TLV62585RWTR"; VariantName = "[No Variations]"
Add component (AddParameter): Name = "FootprintName"; Value = "VQFN-HR-12_L2.0-W2.0-P0.50-BL"; VariantName = "[No Variations]"
Add component (AddParameter): Name = "Function"; Value = "НЕбЙаЭ"; VariantName = "[No Variations]"
Add component (AddParameter): Name = "Group ID"; Value = ""; VariantName = "[No Variations]"
Add component (AddParameter): Name = "Input Voltage"; Value = "2.5V~5.5V"; VariantName = "[No Variations]"
Add component (AddParameter): Name = "JLCPCB Part Class"; Value = "Extended Part"; VariantName = "[No Variations]"
Add component (AddParameter): Name = "LCSC Part Name"; Value = "ИпаЇТЪЭЌВННЕбЙзЊЛЛЦї"; VariantName = "[No Variations]"
Add component (AddParameter): Name = "Manufacturer"; Value = "TI(ЕТжнвЧЦї)"; VariantName = "[No Variations]"
Add component (AddParameter): Name = "ManufacturerPart"; Value = "TLV62585RWTR"; VariantName = "[No Variations]"
Add component (AddParameter): Name = "ModelId"; Value = "2955a7eb91f6440293a731726d4b8758Т0819f05c4eef4c71ace90d822a990e87"; VariantName = "[No Variations]"
Add component (AddParameter): Name = "ModelName"; Value = "VQFN-HR-12_L2.0-W2.0-H0.9-P0.50-BL"; VariantName = "[No Variations]"
Add component (AddParameter): Name = "ModelTransform"; Value = "78.74,78.74,0,90,0,0,-0.005,0.005,0"; VariantName = "[No Variations]"
Add component (AddParameter): Name = "Number of Outputs"; Value = "1"; VariantName = "[No Variations]"
Add component (AddParameter): Name = "Operating Temperature"; Value = "-40Ёц~+125Ёц"; VariantName = "[No Variations]"
Add component (AddParameter): Name = "Output Current"; Value = "3A"; VariantName = "[No Variations]"
Add component (AddParameter): Name = "Output Type"; Value = "ПЩЕї"; VariantName = "[No Variations]"
Add component (AddParameter): Name = "Output Voltage"; Value = "600mV~5.5V"; VariantName = "[No Variations]"
Add component (AddParameter): Name = "Quiescent Current (Iq)"; Value = "35uA"; VariantName = "[No Variations]"
Add component (AddParameter): Name = "Reuse Block"; Value = ""; VariantName = "[No Variations]"
Add component (AddParameter): Name = "Supplier"; Value = "LCSC"; VariantName = "[No Variations]"
Add component (AddParameter): Name = "Supplier Footprint"; Value = "VQFN-11-HR(2x3)"; VariantName = "[No Variations]"
Add component (AddParameter): Name = "SupplierPart"; Value = "C406872"; VariantName = "[No Variations]"
Add component (AddParameter): Name = "Switch tube (built-in/external)"; Value = "ФкжУ"; VariantName = "[No Variations]"
Add component (AddParameter): Name = "Switching Frequency"; Value = "1.5MHz"; VariantName = "[No Variations]"
Add component (AddParameter): Name = "Symbol"; Value = "TLV62585RWTR"; VariantName = "[No Variations]"
Add component (AddParameter): Name = "Synchronous Rectification"; Value = "ЪЧ"; VariantName = "[No Variations]"
Add component (AddParameter): Name = "Topology"; Value = "НЕбЙЪН"; VariantName = "[No Variations]"
Added Pin To Net: NetName=GND Pin=C10-1
Added Pin To Net: NetName=VCC1.8V-eMMC Pin=C10-2
Add Pin To Net: Unknown Pin: Pin J1-SH1
Add Pin To Net: Unknown Pin: Pin J1-SH2
Add Pin To Net: Unknown Pin: Pin J1-SH3
Add Pin To Net: Unknown Pin: Pin J1-SH4
Added Pin To Net: NetName=VCC1.8V-eMMC Pin=L1-2
Added Pin To Net: NetName=VCC1.8V-eMMC Pin=R12-1
Added Pin To Net: NetName=VCC1.8V-eMMC Pin=R13-1
Added Pin To Net: NetName=GND Pin=R14-2
Added Pin To Net: NetName=VBUS Pin=U6-1
Added Pin To Net: NetName=GND Pin=U6-3
Added Pin To Net: NetName=GND Pin=U6-4
Added Pin To Net: NetName=VBUS Pin=U6-8
Added Pin To Net: NetName=VBUS Pin=U6-10
Added Pin To Net: NetName=GND Pin=U6-12
Added Pin To Net: NetName=NetL1_1 Pin=L1-1
Added Pin To Net: NetName=NetL1_1 Pin=U6-2
Added Pin To Net: NetName=NetL1_1 Pin=U6-11
Added Net: Name=NetL1_1
Added Pin To Net: NetName=NetR12_2 Pin=R12-2
Added Pin To Net: NetName=NetR12_2 Pin=U6-9
Added Net: Name=NetR12_2
Added Pin To Net: NetName=NetR13_2 Pin=R13-2
Added Pin To Net: NetName=NetR13_2 Pin=R14-1
Added Pin To Net: NetName=NetR13_2 Pin=U6-7
Added Net: Name=NetR13_2
Added Member To Class: ClassName=emmc Member=Component C10 22uF 6.3V NC
Added Member To Class: ClassName=emmc Member=Component L1 1uH
Added Member To Class: ClassName=emmc Member=Component R12 1MR 1%
Added Member To Class: ClassName=emmc Member=Component R13 47K 1%
Added Member To Class: ClassName=emmc Member=Component R14 47K 1%
Added Member To Class: ClassName=emmc Member=Component U6 TLV62585RWTR
