Removed Pin From Net: NetName=VCC1.2V Pin=J1-A4
Removed Pin From Net: NetName=VCC1.2V Pin=J1-A9
Removed Pin From Net: NetName=VCC1.2V Pin=J1-B4
Removed Pin From Net: NetName=VCC1.2V Pin=J1-B9
Added Component: Designator=C24(C0402_NS)
Add component (AddParameter): Name = "BOM名称"; Value = "无极性贴片电容"; VariantName = "[No Variations]"
Add component (AddParameter): Name = "学习资源"; Value = "www.ooocke.com"; VariantName = "[No Variations]"
Add component (AddParameter): Name = "材质"; Value = "X7R"; VariantName = "[No Variations]"
Add component (AddParameter): Name = "版权归属"; Value = "源创客"; VariantName = "[No Variations]"
Added Pin To Net: NetName=VBUS Pin=C24-1
Added Pin To Net: NetName=GND Pin=C24-2
Added Pin To Net: NetName=VBUS Pin=J1-A4
Added Pin To Net: NetName=VBUS Pin=J1-A9
Added Pin To Net: NetName=VBUS Pin=J1-B4
Added Pin To Net: NetName=VBUS Pin=J1-B9
Add Pin To Net: Unknown Pin: Pin J1-SH1
Add Pin To Net: Unknown Pin: Pin J1-SH2
Add Pin To Net: Unknown Pin: Pin J1-SH3
Add Pin To Net: Unknown Pin: Pin J1-SH4
Added Member To Class: ClassName=GL3227_Core Member=Component C24 4.7uF 6.3V
