Removed Pin From Net: NetName=IN_SSTX2_P Pin=J1-B2
Removed Pin From Net: NetName=IN_SSTX2_N Pin=J1-B3
Removed Pin From Net: NetName=IN_SSRX1_N Pin=J1-B10
Removed Pin From Net: NetName=IN_SSRX1_P Pin=J1-B11
Added Component: Designator=C17(C0402_NS)
Add component (AddParameter): Name = "BOM名称"; Value = "无极性贴片电容"; VariantName = "[No Variations]"
Add component (AddParameter): Name = "学习资源"; Value = "www.ooocke.com"; VariantName = "[No Variations]"
Add component (AddParameter): Name = "材质"; Value = "X7R"; VariantName = "[No Variations]"
Add component (AddParameter): Name = "版权归属"; Value = "源创客"; VariantName = "[No Variations]"
Added Pin To Net: NetName=VCC3.3V Pin=C17-1
Added Pin To Net: NetName=GND Pin=C17-2
Added Pin To Net: NetName=IN_SSTX2_N Pin=J1-B2
Added Pin To Net: NetName=IN_SSTX2_P Pin=J1-B3
Added Pin To Net: NetName=IN_SSRX1_P Pin=J1-B10
Added Pin To Net: NetName=IN_SSRX1_N Pin=J1-B11
Add Pin To Net: Unknown Pin: Pin J1-SH1
Add Pin To Net: Unknown Pin: Pin J1-SH2
Add Pin To Net: Unknown Pin: Pin J1-SH3
Add Pin To Net: Unknown Pin: Pin J1-SH4
Added Member To Class: ClassName=GL3227_Core Member=Component C17 4.7uF 6.3V
