Change Physical Footprint: Designator=C1 Old Footprint=C0402_NS New Footprint=C0402_NS
Change Physical Footprint: Designator=C2 Old Footprint=C0402_NS New Footprint=C0402_NS
Change Physical Footprint: Designator=C3 Old Footprint=C0402_NS New Footprint=C0402_NS
Change Physical Footprint: Designator=C4 Old Footprint=C0402_NS New Footprint=C0402_NS
Change Physical Footprint: Designator=C5 Old Footprint=C0402_NS New Footprint=C0402_NS
Change Physical Footprint: Designator=C6 Old Footprint=C0402_NS New Footprint=C0402_NS
Change Physical Footprint: Designator=C7 Old Footprint=C0402_NS New Footprint=C0402_NS
Change Physical Footprint: Designator=C8 Old Footprint=C0402_NS New Footprint=C0402_NS
Change Physical Footprint: Designator=C9 Old Footprint=C0402_NS New Footprint=C0402_NS
Change Physical Footprint: Designator=C10 Old Footprint=C0402_NS New Footprint=C0402_NS
Change Physical Footprint: Designator=C11 Old Footprint=C0402_NS New Footprint=C0402_NS
Change Physical Footprint: Designator=C12 Old Footprint=C0402_NS New Footprint=C0402_NS
Change Physical Footprint: Designator=C13 Old Footprint=C0402_NS New Footprint=C0402_NS
Change Physical Footprint: Designator=C14 Old Footprint=C0402_NS New Footprint=C0402_NS
Change Physical Footprint: Designator=C15 Old Footprint=C0402_NS New Footprint=C0402_NS
Change Physical Footprint: Designator=C16 Old Footprint=C0402_NS New Footprint=C0402_NS
Change Physical Footprint: Designator=C17 Old Footprint=C0402_NS New Footprint=C0402_NS
Change Physical Footprint: Designator=C18 Old Footprint=C0402_NS New Footprint=C0402_NS
Change Physical Footprint: Designator=C19 Old Footprint=C0402_NS New Footprint=C0402_NS
Change Physical Footprint: Designator=C20 Old Footprint=C0402_NS New Footprint=C0402_NS
Change Physical Footprint: Designator=C21 Old Footprint=C0402_NS New Footprint=C0402_NS
Change Physical Footprint: Designator=C22 Old Footprint=C0402_NS New Footprint=C0402_NS
Change Physical Footprint: Designator=C23 Old Footprint=C0402_NS New Footprint=C0402_NS
Change Physical Footprint: Designator=C24 Old Footprint=C0402_NS New Footprint=C0402_NS
Change Physical Footprint: Designator=J1 Old Footprint=USB-C-SMD_TYPEC-1103-BRP24 New Footprint=USB-C-SMD_TYPEC-1103-BRP24
Change Physical Footprint: Designator=L1 Old Footprint=L 0805_L New Footprint=L 0805_L
Change Physical Footprint: Designator=R1 Old Footprint=R0402_NS New Footprint=R0402_NS
Change Physical Footprint: Designator=R2 Old Footprint=R0402_NS New Footprint=R0402_NS
Change Physical Footprint: Designator=R3 Old Footprint=R0402_NS New Footprint=R0402_NS
Change Physical Footprint: Designator=R4 Old Footprint=R0402_NS New Footprint=R0402_NS
Change Physical Footprint: Designator=R5 Old Footprint=R0402_NS New Footprint=R0402_NS
Change Physical Footprint: Designator=R6 Old Footprint=R0402_NS New Footprint=R0402_NS
Change Physical Footprint: Designator=R7 Old Footprint=R0402_NS New Footprint=R0402_NS
Change Physical Footprint: Designator=R8 Old Footprint=R0402_NS New Footprint=R0402_NS
Change Physical Footprint: Designator=R9 Old Footprint=R0402_NS New Footprint=R0402_NS
Change Physical Footprint: Designator=R10 Old Footprint=R0402_NS New Footprint=R0402_NS
Change Physical Footprint: Designator=R11 Old Footprint=R0402_NS New Footprint=R0402_NS
Change Physical Footprint: Designator=R12 Old Footprint=R0402_NS New Footprint=R0402_NS
Change Physical Footprint: Designator=R13 Old Footprint=R0402_NS New Footprint=R0402_NS
Change Physical Footprint: Designator=R14 Old Footprint=R0402_NS New Footprint=R0402_NS
Change Physical Footprint: Designator=U1 Old Footprint=USON-8_L1.5-W1.5-P0.40-BL-EP New Footprint=USON-8_L1.5-W1.5-P0.40-BL-EP
Change Physical Footprint: Designator=U2 Old Footprint=QFN48 7X7_M New Footprint=QFN48 7X7_M
Change Physical Footprint: Designator=U3 Old Footprint=MQFN-28_L4.5-W3.5-P0.40-BL-EP New Footprint=MQFN-28_L4.5-W3.5-P0.40-BL-EP
Change Physical Footprint: Designator=U4 Old Footprint=FBGA-153_L13.0-W11.5-P0.50_KLMAG1JETD-B041 New Footprint=FBGA-153_L13.0-W11.5-P0.50_KLMAG1JETD-B041
Change Physical Footprint: Designator=U5 Old Footprint=FBGA-153_L13.0-W11.5-P0.50_KLMAG1JETD-B041 New Footprint=FBGA-153_L13.0-W11.5-P0.50_KLMAG1JETD-B041
Change Physical Footprint: Designator=U6 Old Footprint=VQFN-HR-12_L2.0-W2.0-P0.50-BL New Footprint=VQFN-HR-12_L2.0-W2.0-P0.50-BL
Change Physical Footprint: Designator=Y1 Old Footprint=OSC-1612-4P New Footprint=OSC-1612-4P
