Removed Pin From Net: NetName=SSTX_N Pin=U2-6
Removed Pin From Net: NetName=SSTX_P Pin=U2-7
Added Component: Designator=C25(C0402_L)
Add component (AddParameter): Name = "BOM名称"; Value = "无极性贴片电容"; VariantName = "[No Variations]"
Add component (AddParameter): Name = "学习资源"; Value = "www.ooocke.com"; VariantName = "[No Variations]"
Add component (AddParameter): Name = "材质"; Value = "X7R"; VariantName = "[No Variations]"
Add component (AddParameter): Name = "版权归属"; Value = "源创客"; VariantName = "[No Variations]"
Added Component: Designator=C26(C0402_L)
Add component (AddParameter): Name = "BOM名称"; Value = "无极性贴片电容"; VariantName = "[No Variations]"
Add component (AddParameter): Name = "学习资源"; Value = "www.ooocke.com"; VariantName = "[No Variations]"
Add component (AddParameter): Name = "材质"; Value = "X7R"; VariantName = "[No Variations]"
Add component (AddParameter): Name = "版权归属"; Value = "源创客"; VariantName = "[No Variations]"
Added Component: Designator=U7(DIO_TPD4E02B04DQAR)
Added Component: Designator=U8(DIO_TPD4E02B04DQAR)
Added Pin To Net: NetName=SSTX_N Pin=C25-2
Added Pin To Net: NetName=SSTX_P Pin=C26-2
Add Pin To Net: Unknown Pin: Pin J1-SH1
Add Pin To Net: Unknown Pin: Pin J1-SH2
Add Pin To Net: Unknown Pin: Pin J1-SH3
Add Pin To Net: Unknown Pin: Pin J1-SH4
Added Pin To Net: NetName=NetC25_1 Pin=C25-1
Added Pin To Net: NetName=NetC25_1 Pin=U2-6
Added Net: Name=NetC25_1
Added Pin To Net: NetName=NetC26_1 Pin=C26-1
Added Pin To Net: NetName=NetC26_1 Pin=U2-7
Added Net: Name=NetC26_1
Added Member To Class: ClassName=GL3227_Core Member=Component C25 100nF 6.3V
Added Member To Class: ClassName=GL3227_Core Member=Component C26 100nF 6.3V
Added Member To Class: ClassName=emmc Member=Component U7 TPD4E02B04
Added Member To Class: ClassName=emmc Member=Component U8 TPD4E02B04
