Change Component Comment : Designator=C11 Old Comment=10uF 16V  New Comment=10uF 16V
Change Component Comment : Designator=C10 Old Comment=22uF 6.3V  New Comment=22uF 6.3V
Add Pin To Net: Unknown Pin: Pin C1-1
Add Pin To Net: Unknown Pin: Pin C1-2
Add Pin To Net: Unknown Pin: Pin C2-1
Add Pin To Net: Unknown Pin: Pin C2-2
Add Pin To Net: Unknown Pin: Pin C3-1
Add Pin To Net: Unknown Pin: Pin C3-2
Add Pin To Net: Unknown Pin: Pin C6-1
Add Pin To Net: Unknown Pin: Pin C6-2
Add Pin To Net: Unknown Pin: Pin C7-1
Add Pin To Net: Unknown Pin: Pin C7-2
Add Pin To Net: Unknown Pin: Pin C8-1
Add Pin To Net: Unknown Pin: Pin C8-2
Add Pin To Net: Unknown Pin: Pin C9-1
Add Pin To Net: Unknown Pin: Pin C9-2
Add Pin To Net: Unknown Pin: Pin C12-1
Add Pin To Net: Unknown Pin: Pin C12-2
Add Pin To Net: Unknown Pin: Pin C13-1
Add Pin To Net: Unknown Pin: Pin C13-2
Add Pin To Net: Unknown Pin: Pin C14-1
Add Pin To Net: Unknown Pin: Pin C14-2
Add Pin To Net: Unknown Pin: Pin C15-1
Add Pin To Net: Unknown Pin: Pin C15-2
Add Pin To Net: Unknown Pin: Pin C16-1
Add Pin To Net: Unknown Pin: Pin C16-2
Add Pin To Net: Unknown Pin: Pin C17-1
Add Pin To Net: Unknown Pin: Pin C17-2
Add Pin To Net: Unknown Pin: Pin C18-1
Add Pin To Net: Unknown Pin: Pin C18-2
Add Pin To Net: Unknown Pin: Pin C19-1
Add Pin To Net: Unknown Pin: Pin C19-2
Add Pin To Net: Unknown Pin: Pin C20-1
Add Pin To Net: Unknown Pin: Pin C20-2
Add Pin To Net: Unknown Pin: Pin C21-1
Add Pin To Net: Unknown Pin: Pin C21-2
Add Pin To Net: Unknown Pin: Pin C22-1
Add Pin To Net: Unknown Pin: Pin C22-2
Add Pin To Net: Unknown Pin: Pin C23-1
Add Pin To Net: Unknown Pin: Pin C23-2
Add Pin To Net: Unknown Pin: Pin J1-SH1
Add Pin To Net: Unknown Pin: Pin J1-SH2
Add Pin To Net: Unknown Pin: Pin J1-SH3
Add Pin To Net: Unknown Pin: Pin J1-SH4
Add Pin To Net: Unknown Pin: Pin R1-1
Add Pin To Net: Unknown Pin: Pin R1-2
Add Pin To Net: Unknown Pin: Pin R2-1
Add Pin To Net: Unknown Pin: Pin R2-2
Add Pin To Net: Unknown Pin: Pin R3-1
Add Pin To Net: Unknown Pin: Pin R3-2
Add Pin To Net: Unknown Pin: Pin R4-1
Add Pin To Net: Unknown Pin: Pin R4-2
Add Pin To Net: Unknown Pin: Pin R10-1
Add Pin To Net: Unknown Pin: Pin R10-2
Add Pin To Net: Unknown Pin: Pin R11-1
Add Pin To Net: Unknown Pin: Pin R11-2
Add Pin To Net: Unknown Pin: Pin R12-1
Add Pin To Net: Unknown Pin: Pin R12-2
Add Pin To Net: Unknown Pin: Pin R13-1
Add Pin To Net: Unknown Pin: Pin R13-2
Add Pin To Net: Unknown Pin: Pin R14-1
Add Pin To Net: Unknown Pin: Pin R14-2
Add Class Member: Failed to add class member : Component C1 100nF 10V
Add Class Member: Failed to add class member : Component C2 100nF 10V
Add Class Member: Failed to add class member : Component C3 100nF 10V
Add Class Member: Failed to add class member : Component C6 100nF 10V
Add Class Member: Failed to add class member : Component C7 100nF 10V
Add Class Member: Failed to add class member : Component C8 100nF 10V
Add Class Member: Failed to add class member : Component C9 100nF 10V
Add Class Member: Failed to add class member : Component C12 12pF 50V
Add Class Member: Failed to add class member : Component C13 12pF 25V
Add Class Member: Failed to add class member : Component C14 4.7uF 6.3V
Add Class Member: Failed to add class member : Component C15 4.7uF 6.3V
Add Class Member: Failed to add class member : Component C16 4.7uF 6.3V
Add Class Member: Failed to add class member : Component C17 4.7uF 6.3V
Add Class Member: Failed to add class member : Component C18 4.7uF 6.3V
Add Class Member: Failed to add class member : Component C19 100nF 6.3V
Add Class Member: Failed to add class member : Component C20 100nF 6.3V
Add Class Member: Failed to add class member : Component C21 100nF 6.3V
Add Class Member: Failed to add class member : Component C22 100nF 6.3V
Add Class Member: Failed to add class member : Component C23 100nF 6.3V
Add Class Member: Failed to add class member : Component R1 1K 1%
Add Class Member: Failed to add class member : Component R2 1K 1%
Add Class Member: Failed to add class member : Component R3 1K 1% NC
Add Class Member: Failed to add class member : Component R4 1K 1% NC
Add Class Member: Failed to add class member : Component R10 47K 1%
Add Class Member: Failed to add class member : Component R11 47K 1%
Add Class Member: Failed to add class member : Component R12 1MR 1%
Add Class Member: Failed to add class member : Component R13 47K 1%
Add Class Member: Failed to add class member : Component R14 47K 1%
